glfw3.lib(win32_monitor.obj) : error LNK2001: unresolved external symbol @__security_check_cookie@4
glfw3.lib(wgl_context.obj) : error LNK2001: unresolved external symbol @__security_check_cookie@4
glfw3.lib(egl_context.obj) : error LNK2001: unresolved external symbol @__security_check_cookie@4
glfw3.lib(osmesa_context.obj) : error LNK2001: unresolved external symbol @__security_check_cookie@4
glfw3.lib(window.obj) : error LNK2001: unresolved external symbol @__security_check_cookie@4
glfw3.lib(win32_window.obj) : error LNK2001: unresolved external symbol @__security_check_cookie@4
glfw3.lib(win32_joystick.obj) : error LNK2001: unresolved external symbol @__security_check_cookie@4
glfw3.lib(win32_init.obj) : error LNK2001: unresolved external symbol @__security_check_cookie@4
OpenGL1.obj : error LNK2001: unresolved external symbol @__security_check_cookie@4
glfw3.lib(context.obj) : error LNK2001: unresolved external symbol @__security_check_cookie@4
glfw3.lib(input.obj) : error LNK2001: unresolved external symbol @__security_check_cookie@4
glfw3.lib(init.obj) : error LNK2001: unresolved external symbol @__security_check_cookie@4
OpenGL1.obj : error LNK2001: unresolved external symbol __imp__glClear@4
OpenGL1.obj : error LNK2001: unresolved external symbol __imp____acrt_iob_func
OpenGL1.obj : error LNK2001: unresolved external symbol __imp____stdio_common_vfprintf
OpenGL1.obj : error LNK2001: unresolved external symbol __imp__glClearColor@16
OpenGL1.obj : error LNK2001: unresolved external symbol __imp__getchar
LINK : error LNK2001: unresolved external symbol _mainCRTStartup
glfw3.lib(context.obj) : error LNK2001: unresolved external symbol _strstr
glfw3.lib(win32_joystick.obj) : error LNK2001: unresolved external symbol _strstr
glfw3.lib(context.obj) : error LNK2001: unresolved external symbol __imp__strncmp
glfw3.lib(input.obj) : error LNK2001: unresolved external symbol __imp__strncmp
glfw3.lib(egl_context.obj) : error LNK2001: unresolved external symbol __imp__strncmp
glfw3.lib(context.obj) : error LNK2001: unresolved external symbol __imp____stdio_common_vsscanf
glfw3.lib(wgl_context.obj) : error LNK2001: unresolved external symbol ___security_cookie
glfw3.lib(egl_context.obj) : error LNK2001: unresolved external symbol ___security_cookie
glfw3.lib(osmesa_context.obj) : error LNK2001: unresolved external symbol ___security_cookie
glfw3.lib(win32_window.obj) : error LNK2001: unresolved external symbol ___security_cookie
glfw3.lib(win32_joystick.obj) : error LNK2001: unresolved external symbol ___security_cookie
glfw3.lib(win32_init.obj) : error LNK2001: unresolved external symbol ___security_cookie
glfw3.lib(win32_monitor.obj) : error LNK2001: unresolved external symbol ___security_cookie
glfw3.lib(context.obj) : error LNK2001: unresolved external symbol ___security_cookie
glfw3.lib(input.obj) : error LNK2001: unresolved external symbol ___security_cookie
glfw3.lib(init.obj) : error LNK2001: unresolved external symbol ___security_cookie
glfw3.lib(window.obj) : error LNK2001: unresolved external symbol ___security_cookie
glfw3.lib(input.obj) : error LNK2001: unresolved external symbol __imp__strcspn
glfw3.lib(input.obj) : error LNK2001: unresolved external symbol __imp__strncpy
glfw3.lib(window.obj) : error LNK2001: unresolved external symbol __imp__strncpy
glfw3.lib(win32_joystick.obj) : error LNK2001: unresolved external symbol __imp__strncpy
glfw3.lib(monitor.obj) : error LNK2001: unresolved external symbol __imp__strncpy
glfw3.lib(input.obj) : error LNK2001: unresolved external symbol __imp__strspn
glfw3.lib(vulkan.obj) : error LNK2001: unresolved external symbol __imp__calloc
glfw3.lib(wgl_context.obj) : error LNK2001: unresolved external symbol __imp__calloc
glfw3.lib(egl_context.obj) : error LNK2001: unresolved external symbol __imp__calloc
glfw3.lib(osmesa_context.obj) : error LNK2001: unresolved external symbol __imp__calloc
glfw3.lib(win32_joystick.obj) : error LNK2001: unresolved external symbol __imp__calloc
glfw3.lib(win32_init.obj) : error LNK2001: unresolved external symbol __imp__calloc
glfw3.lib(win32_monitor.obj) : error LNK2001: unresolved external symbol __imp__calloc
glfw3.lib(monitor.obj) : error LNK2001: unresolved external symbol __imp__calloc
glfw3.lib(input.obj) : error LNK2001: unresolved external symbol __imp__calloc
glfw3.lib(init.obj) : error LNK2001: unresolved external symbol __imp__calloc
glfw3.lib(window.obj) : error LNK2001: unresolved external symbol __imp__calloc
glfw3.lib(win32_window.obj) : error LNK2001: unresolved external symbol __imp__calloc
glfw3.lib(vulkan.obj) : error LNK2001: unresolved external symbol __imp__free
glfw3.lib(wgl_context.obj) : error LNK2001: unresolved external symbol __imp__free
glfw3.lib(egl_context.obj) : error LNK2001: unresolved external symbol __imp__free
glfw3.lib(osmesa_context.obj) : error LNK2001: unresolved external symbol __imp__free
glfw3.lib(win32_joystick.obj) : error LNK2001: unresolved external symbol __imp__free
glfw3.lib(win32_init.obj) : error LNK2001: unresolved external symbol __imp__free
glfw3.lib(win32_monitor.obj) : error LNK2001: unresolved external symbol __imp__free
glfw3.lib(monitor.obj) : error LNK2001: unresolved external symbol __imp__free
glfw3.lib(input.obj) : error LNK2001: unresolved external symbol __imp__free
glfw3.lib(init.obj) : error LNK2001: unresolved external symbol __imp__free
glfw3.lib(window.obj) : error LNK2001: unresolved external symbol __imp__free
glfw3.lib(win32_window.obj) : error LNK2001: unresolved external symbol __imp__free
glfw3.lib(input.obj) : error LNK2001: unresolved external symbol __imp__realloc
glfw3.lib(win32_monitor.obj) : error LNK2001: unresolved external symbol __imp__realloc
glfw3.lib(monitor.obj) : error LNK2001: unresolved external symbol __imp__realloc
glfw3.lib(input.obj) : error LNK2001: unresolved external symbol __imp__strtoul
glfw3.lib(input.obj) : error LNK2001: unresolved external symbol __dtoul3
glfw3.lib(input.obj) : error LNK2001: unresolved external symbol __ultod3
glfw3.lib(input.obj) : error LNK2001: unresolved external symbol _memcpy
glfw3.lib(win32_monitor.obj) : error LNK2001: unresolved external symbol _memcpy
glfw3.lib(win32_joystick.obj) : error LNK2001: unresolved external symbol _memset
glfw3.lib(win32_init.obj) : error LNK2001: unresolved external symbol _memset
glfw3.lib(win32_monitor.obj) : error LNK2001: unresolved external symbol _memset
glfw3.lib(input.obj) : error LNK2001: unresolved external symbol _memset
glfw3.lib(init.obj) : error LNK2001: unresolved external symbol _memset
glfw3.lib(window.obj) : error LNK2001: unresolved external symbol _memset
glfw3.lib(win32_window.obj) : error LNK2001: unresolved external symbol _memset
glfw3.lib(win32_joystick.obj) : error LNK2001: unresolved external symbol __fltused
glfw3.lib(win32_monitor.obj) : error LNK2001: unresolved external symbol __fltused
glfw3.lib(monitor.obj) : error LNK2001: unresolved external symbol __fltused
glfw3.lib(input.obj) : error LNK2001: unresolved external symbol __fltused
glfw3.lib(init.obj) : error LNK2001: unresolved external symbol __fltused
glfw3.lib(window.obj) : error LNK2001: unresolved external symbol __fltused
glfw3.lib(win32_window.obj) : error LNK2001: unresolved external symbol __fltused
glfw3.lib(init.obj) : error LNK2001: unresolved external symbol __imp____stdio_common_vsprintf
glfw3.lib(win32_joystick.obj) : error LNK2001: unresolved external symbol __imp____stdio_common_vsprintf
glfw3.lib(win32_window.obj) : error LNK2001: unresolved external symbol __dtoui3
glfw3.lib(win32_joystick.obj) : error LNK2001: unresolved external symbol __imp__qsort
glfw3.lib(monitor.obj) : error LNK2001: unresolved external symbol __imp__qsort
glfw3.lib(monitor.obj) : error LNK2001: unresolved external symbol __ftol2
glfw3.lib(monitor.obj) : error LNK2001: unresolved external symbol __libm_sse2_pow_precise
glfw3.lib(monitor.obj) : error LNK2001: unresolved external symbol _memmove
C:\Users\marat\source\repos\OpenGL1\Release\OpenGL1.exe : fatal error LNK1120: 29 unresolved externals
